2026-04-01 13:22:54 | Training started | expert_reward_mean=nan
2026-04-01 13:22:54 | iter | train_reward | test_imitation_loss | test_disc_loss | test_disc_loss_expert | test_disc_loss_generated | test_gen_reward
2026-04-01 13:22:55 | 1 | 22.5747 | 0.6633 | 1.3811 | 0.6461 | 0.7350 | 28.0563
2026-04-01 13:22:56 | 2 | 30.0769 | 0.6375 | 1.3771 | 0.6401 | 0.7370 | 38.1538
2026-04-01 13:22:57 | 3 | 35.3036 | 0.6094 | 1.3619 | 0.6343 | 0.7276 | 56.5714
2026-04-01 13:22:58 | 4 | 54.9444 | 0.6481 | 1.3416 | 0.6274 | 0.7142 | 84.6522
2026-04-01 13:22:59 | 5 | 73.8148 | 0.6538 | 1.3462 | 0.6216 | 0.7246 | 137.7143
2026-04-01 13:23:00 | 6 | 104.6316 | 0.6547 | 1.3371 | 0.6158 | 0.7213 | 169.6364
2026-04-01 13:23:02 | 7 | 172.8000 | 0.6240 | 1.2977 | 0.6068 | 0.6909 | 246.7500
2026-04-01 13:23:03 | 8 | 245.7500 | 0.6730 | 1.2644 | 0.5997 | 0.6647 | 263.1429
2026-04-01 13:23:04 | 9 | 209.1111 | 0.6573 | 1.2333 | 0.5902 | 0.6431 | 246.8571
2026-04-01 13:23:05 | 10 | 270.4286 | 0.7471 | 1.3133 | 0.5797 | 0.7336 | 207.7778
2026-04-01 13:23:07 | 11 | 271.8571 | 0.7954 | 1.2373 | 0.5730 | 0.6643 | 229.0000
2026-04-01 13:23:08 | 12 | 273.8571 | 0.8012 | 1.2477 | 0.5622 | 0.6855 | 239.8750
2026-04-01 13:23:09 | 13 | 266.7143 | 0.6433 | 1.2283 | 0.5528 | 0.6755 | 243.7500
2026-04-01 13:23:10 | 14 | 256.4286 | 0.6511 | 1.2638 | 0.5448 | 0.7189 | 217.1250
2026-04-01 13:23:12 | 15 | 195.1111 | 0.5886 | 1.2584 | 0.5343 | 0.7241 | 281.8571
2026-04-01 13:23:13 | 16 | 221.4444 | 0.5429 | 1.2160 | 0.5229 | 0.6931 | 252.8333
2026-04-01 13:23:14 | 17 | 276.5714 | 0.5254 | 1.3710 | 0.5169 | 0.8541 | 286.3333
2026-04-01 13:23:15 | 18 | 282.7143 | 0.5009 | 1.3178 | 0.5110 | 0.8068 | 252.6000
2026-04-01 13:23:16 | 19 | 178.9000 | 0.4861 | 1.4037 | 0.5036 | 0.9001 | 260.5714
2026-04-01 13:23:18 | 20 | 411.7500 | 0.4793 | 1.4825 | 0.5091 | 0.9735 | 385.5000
2026-04-01 13:23:20 | 21 | 581.0000 | 0.4840 | 1.4148 | 0.5158 | 0.8989 | 276.3333
2026-04-01 13:23:21 | 22 | 288.5000 | 0.4943 | 1.4814 | 0.5342 | 0.9472 | 388.6000
2026-04-01 13:23:22 | 23 | 268.7143 | 0.5228 | 1.5500 | 0.5531 | 0.9969 | 433.0000
2026-04-01 13:23:24 | 24 | 382.8000 | 0.5163 | 1.5493 | 0.5717 | 0.9775 | 575.0000
2026-04-01 13:23:25 | 25 | 458.7500 | 0.4702 | 1.5772 | 0.5958 | 0.9814 | 1419.0000
2026-04-01 13:23:27 | 26 | 597.3333 | 0.5025 | 1.5995 | 0.6255 | 0.9740 | 648.3333
2026-04-01 13:23:29 | 27 | 787.0000 | 0.5564 | 1.6383 | 0.6466 | 0.9918 | 916.5000
2026-04-01 13:23:32 | 28 | nan | 0.6286 | 1.6411 | 0.6794 | 0.9617 | 566.0000
2026-04-01 13:23:34 | 29 | 786.5000 | 0.5408 | 1.6321 | 0.7098 | 0.9223 | 932.0000
2026-04-01 13:23:38 | 30 | nan | 0.5016 | 1.2839 | 0.7433 | 0.5406 | 198.3333
2026-04-01 13:23:40 | 31 | 273.8571 | 0.5024 | 1.2128 | 0.7667 | 0.4461 | 155.6667
2026-04-01 13:23:41 | 32 | 186.6667 | 0.4790 | 1.4015 | 0.7887 | 0.6128 | 334.7500
2026-04-01 13:23:44 | 33 | 141.3333 | 0.4639 | 1.4951 | 0.7993 | 0.6958 | 157.6667
2026-04-01 13:23:46 | 34 | 112.2857 | 0.4319 | 1.2827 | 0.8122 | 0.4706 | 127.1333
2026-04-01 13:23:47 | 35 | 130.7333 | 0.4282 | 1.2716 | 0.8099 | 0.4617 | 171.1818
2026-04-01 13:23:48 | 36 | 176.4000 | 0.4248 | 1.3813 | 0.8068 | 0.5745 | 657.3333
2026-04-01 13:23:50 | 37 | 181.2727 | 0.4311 | 1.2504 | 0.7977 | 0.4527 | 218.5556
2026-04-01 13:23:51 | 38 | 263.7500 | 0.4215 | 1.3235 | 0.7827 | 0.5407 | 253.0000
2026-04-01 13:23:52 | 39 | 226.1250 | 0.4063 | 1.2166 | 0.7704 | 0.4462 | 234.2500
2026-04-01 13:23:54 | 40 | 209.0000 | 0.4161 | 1.1927 | 0.7462 | 0.4466 | 196.5000
2026-04-01 13:23:55 | 41 | 228.8750 | 0.4803 | 1.1846 | 0.7269 | 0.4578 | 220.4444
2026-04-01 13:23:56 | 42 | 219.2222 | 0.5017 | 1.1529 | 0.7034 | 0.4495 | 204.7778
2026-04-01 13:23:57 | 43 | 225.8750 | 0.5315 | 1.1469 | 0.6807 | 0.4662 | 279.0000
2026-04-01 13:23:58 | 44 | 284.1429 | 0.5027 | 1.1208 | 0.6546 | 0.4663 | 327.1667
2026-04-01 13:24:00 | 45 | 272.1429 | 0.4721 | 1.0965 | 0.6250 | 0.4715 | 312.0000
2026-04-01 13:24:01 | 46 | 297.6667 | 0.6514 | 1.0829 | 0.6037 | 0.4792 | 394.0000
2026-04-01 13:24:02 | 47 | 325.6000 | 0.6938 | 1.0619 | 0.5795 | 0.4823 | 379.2000
2026-04-01 13:24:03 | 48 | 353.0000 | 0.5303 | 1.0238 | 0.5509 | 0.4730 | 426.0000
2026-04-01 13:24:05 | 49 | 381.6000 | 0.7590 | 1.0976 | 0.5225 | 0.5751 | 488.7500
2026-04-01 13:24:06 | 50 | 422.2500 | 0.8827 | 1.1988 | 0.5045 | 0.6943 | 698.5000
2026-04-01 13:24:08 | 51 | 492.3333 | 0.7403 | 1.1818 | 0.4788 | 0.7029 | 620.0000
2026-04-01 13:24:09 | 52 | 630.6667 | 0.6105 | 1.1483 | 0.4565 | 0.6917 | 630.6667
2026-04-01 13:24:11 | 53 | 641.6667 | 0.7276 | 1.2538 | 0.4341 | 0.8196 | 666.0000
2026-04-01 13:24:12 | 54 | 498.3333 | 0.8009 | 1.0738 | 0.4167 | 0.6572 | 499.0000
2026-04-01 13:24:14 | 55 | 417.5000 | 0.7962 | 1.2986 | 0.4006 | 0.8980 | 755.5000
2026-04-01 13:24:16 | 56 | 646.0000 | 0.6946 | 0.8314 | 0.3839 | 0.4474 | 583.0000
2026-04-01 13:24:17 | 57 | 601.0000 | 0.6739 | 0.9281 | 0.3633 | 0.5648 | 648.3333
2026-04-01 13:24:19 | 58 | 565.6667 | 0.7743 | 0.9191 | 0.3521 | 0.5670 | 863.5000
2026-04-01 13:24:20 | 59 | 464.0000 | 1.0450 | 1.2477 | 0.3388 | 0.9089 | 796.0000
2026-04-01 13:24:22 | 60 | 484.0000 | 0.8754 | 1.3457 | 0.3239 | 1.0218 | 469.3333
2026-04-01 13:24:23 | 61 | 517.0000 | 0.8669 | 1.4729 | 0.3266 | 1.1463 | 430.7500
2026-04-01 13:24:25 | 62 | 829.0000 | 0.9091 | 1.5495 | 0.3167 | 1.2329 | 436.5000
2026-04-01 13:24:26 | 63 | 440.7500 | 1.1368 | 1.4592 | 0.3227 | 1.1365 | 435.7500
2026-04-01 13:24:28 | 64 | 464.0000 | 1.0301 | 1.5978 | 0.3347 | 1.2631 | 497.6667
2026-04-01 13:24:29 | 65 | 450.3333 | 1.0391 | 1.5042 | 0.3552 | 1.1490 | 354.0000
2026-04-01 13:24:31 | 66 | 422.2500 | 1.0381 | 1.6333 | 0.3753 | 1.2580 | 442.2500
2026-04-01 13:24:32 | 67 | 409.2500 | 0.9757 | 1.4515 | 0.3985 | 1.0530 | 601.3333
2026-04-01 13:24:33 | 68 | 497.2500 | 1.2952 | 1.5978 | 0.4244 | 1.1734 | 451.0000
2026-04-01 13:24:35 | 69 | 429.2500 | 1.5256 | 1.5628 | 0.4711 | 1.0917 | 407.2500
2026-04-01 13:24:36 | 70 | 450.7500 | 1.4286 | 1.5736 | 0.4887 | 1.0849 | 473.7500
2026-04-01 13:24:38 | 71 | 468.7500 | 1.5960 | 1.6617 | 0.5336 | 1.1282 | 533.6667
2026-04-01 13:24:39 | 72 | 528.3333 | 1.7066 | 1.5783 | 0.5608 | 1.0176 | 549.3333
2026-04-01 13:24:40 | 73 | 489.2500 | 1.9178 | 1.7093 | 0.5931 | 1.1163 | 487.2500
2026-04-01 13:24:42 | 74 | 511.6667 | 1.4253 | 1.6636 | 0.6393 | 1.0242 | 549.0000
2026-04-01 13:24:43 | 75 | 525.0000 | 1.5347 | 1.6920 | 0.6636 | 1.0284 | 546.3333
2026-04-01 13:24:45 | 76 | 553.3333 | 1.4855 | 1.8307 | 0.6886 | 1.1420 | 654.3333
2026-04-01 13:24:47 | 77 | 663.0000 | 1.5197 | 1.8562 | 0.7177 | 1.1385 | 928.5000
2026-04-01 13:24:48 | 78 | 881.5000 | 1.3504 | 1.9021 | 0.7320 | 1.1701 | 1056.0000
2026-04-01 13:24:51 | 79 | 907.0000 | 1.4797 | 1.9850 | 0.7603 | 1.2246 | 0.0000
2026-04-01 13:24:54 | 80 | nan | 1.3209 | 1.8162 | 0.7780 | 1.0382 | 1279.0000
2026-04-01 13:24:56 | 81 | 1131.0000 | 1.2616 | 1.8910 | 0.7954 | 1.0955 | 0.0000
2026-04-01 13:24:58 | 82 | 1015.0000 | 1.4230 | 1.7955 | 0.8092 | 0.9863 | 1856.0000
2026-04-01 13:25:02 | 83 | nan | 1.2688 | 1.6819 | 0.8260 | 0.8559 | 1314.0000
2026-04-01 13:25:04 | 84 | 1568.0000 | 1.5404 | 1.7438 | 0.8296 | 0.9143 | 0.0000
2026-04-01 13:25:08 | 85 | nan | 1.9110 | 1.7000 | 0.8491 | 0.8509 | 0.0000
2026-04-01 13:25:11 | 86 | nan | 1.7549 | 1.5790 | 0.8633 | 0.7157 | 1668.0000
2026-04-01 13:25:15 | 87 | nan | 1.4854 | 1.2085 | 0.8668 | 0.3416 | 213.6667
2026-04-01 13:25:16 | 88 | 218.5556 | 1.6076 | 1.2210 | 0.8646 | 0.3564 | 242.5000
2026-04-01 13:25:17 | 89 | 220.3333 | 1.2704 | 1.5200 | 0.8572 | 0.6628 | 273.0000
2026-04-01 13:25:18 | 90 | 275.0000 | 1.3350 | 1.2224 | 0.8368 | 0.3856 | 262.4286
2026-04-01 13:25:20 | 91 | 248.5714 | 1.1009 | 1.2176 | 0.8138 | 0.4038 | 308.8333
2026-04-01 13:25:21 | 92 | 265.0000 | 1.3411 | 1.2053 | 0.7934 | 0.4119 | 299.3333
2026-04-01 13:25:22 | 93 | 265.0000 | 1.1895 | 1.3227 | 0.7679 | 0.5548 | 250.2500
2026-04-01 13:25:23 | 94 | 281.5714 | 1.1949 | 1.1709 | 0.7397 | 0.4312 | 279.7143
2026-04-01 13:25:24 | 95 | 281.1429 | 0.9363 | 1.1449 | 0.7094 | 0.4354 | 281.5714
2026-04-01 13:25:26 | 96 | 293.8333 | 0.8000 | 1.1342 | 0.6837 | 0.4504 | 284.8571
2026-04-01 13:25:27 | 97 | 273.8571 | 0.7513 | 1.1252 | 0.6558 | 0.4694 | 281.0000
2026-04-01 13:25:28 | 98 | 265.4286 | 0.6636 | 1.4442 | 0.6281 | 0.8161 | 0.0000
2026-04-01 13:25:29 | 99 | 270.8571 | 0.6759 | 1.1077 | 0.6032 | 0.5045 | 334.2000
2026-04-01 13:25:30 | 100 | 232.3750 | 0.8930 | 1.0933 | 0.5778 | 0.5155 | 344.8000
2026-04-01 13:25:32 | 101 | 266.8000 | 0.8852 | 1.4777 | 0.5590 | 0.9188 | 176.0000
2026-04-01 13:25:34 | 102 | 276.5000 | 0.8998 | 1.0101 | 0.5372 | 0.4729 | 285.1429
2026-04-01 13:25:36 | 103 | 294.2500 | 0.8714 | 1.5160 | 0.5201 | 0.9959 | 0.0000
2026-04-01 13:25:37 | 104 | 337.3333 | 0.8780 | 0.9695 | 0.4996 | 0.4700 | 300.8333
2026-04-01 13:25:39 | 105 | 457.5000 | 0.9572 | 1.0377 | 0.4928 | 0.5448 | 287.8000
2026-04-01 13:25:41 | 106 | 277.5000 | 0.8777 | 1.5917 | 0.4805 | 1.1112 | 0.0000
2026-04-01 13:25:43 | 107 | 467.0000 | 0.8779 | 1.6023 | 0.4701 | 1.1322 | 0.0000
2026-04-01 13:25:47 | 108 | nan | 0.7777 | 0.9292 | 0.4661 | 0.4631 | 209.8889
2026-04-01 13:25:49 | 109 | 248.5000 | 0.7331 | 0.9157 | 0.4608 | 0.4549 | 217.6667
2026-04-01 13:25:50 | 110 | 207.6667 | 0.5576 | 0.9019 | 0.4545 | 0.4474 | 213.6667
2026-04-01 13:25:51 | 111 | 247.2500 | 0.6809 | 1.6468 | 0.4437 | 1.2031 | 0.0000
2026-04-01 13:25:53 | 112 | 212.0000 | 0.5451 | 0.8222 | 0.4394 | 0.3828 | 300.3333
2026-04-01 13:25:55 | 113 | 499.5000 | 0.6214 | 0.7784 | 0.4309 | 0.3474 | 281.3333
2026-04-01 13:25:56 | 114 | 340.2000 | 0.5358 | 0.6603 | 0.4191 | 0.2412 | 0.0000
2026-04-01 13:25:59 | 115 | nan | 0.8147 | 0.6569 | 0.4120 | 0.2449 | 0.0000
2026-04-01 13:26:03 | 116 | nan | 0.8010 | 0.6262 | 0.3927 | 0.2334 | 0.0000
2026-04-01 13:26:06 | 117 | nan | 0.5760 | 0.6151 | 0.3794 | 0.2357 | 1355.0000
2026-04-01 13:26:10 | 118 | nan | 1.1828 | 0.5826 | 0.3627 | 0.2199 | 1746.0000
2026-04-01 13:26:13 | 119 | nan | 1.7179 | 0.6450 | 0.3458 | 0.2992 | 19.4286
2026-04-01 13:26:16 | 120 | 219.2500 | 1.1219 | 0.5213 | 0.3312 | 0.1901 | 0.0000
2026-04-01 13:26:19 | 121 | nan | 0.6619 | 0.4966 | 0.3120 | 0.1846 | 0.0000
2026-04-01 13:26:23 | 122 | nan | 0.9057 | 0.8193 | 0.2967 | 0.5225 | 30.6190
2026-04-01 13:26:24 | 123 | 31.5263 | 0.8810 | 0.4752 | 0.2833 | 0.1919 | 42.0000
2026-04-01 13:26:27 | 124 | 70.0000 | 0.8219 | 0.4315 | 0.2695 | 0.1620 | 0.0000
2026-04-01 13:26:29 | 125 | 1260.0000 | 0.6453 | 0.4060 | 0.2539 | 0.1521 | 0.0000
2026-04-01 13:26:32 | 126 | 146.0000 | 0.5739 | 0.3860 | 0.2376 | 0.1485 | 0.0000
2026-04-01 13:26:36 | 127 | nan | 2.3184 | 0.3624 | 0.2248 | 0.1376 | 0.0000
2026-04-01 13:26:39 | 128 | nan | 0.7607 | 0.3506 | 0.2112 | 0.1393 | 0.0000
2026-04-01 13:26:43 | 129 | nan | 2.7147 | 0.3251 | 0.2004 | 0.1247 | 0.0000
2026-04-01 13:26:45 | 130 | 941.0000 | 3.6000 | 0.3025 | 0.1858 | 0.1167 | 0.0000
2026-04-01 13:26:48 | 131 | nan | 3.4065 | 0.2874 | 0.1698 | 0.1176 | 0.0000
2026-04-01 13:26:52 | 132 | nan | 4.0507 | 0.2977 | 0.1611 | 0.1366 | 26.0000
2026-04-01 13:26:55 | 133 | nan | 1.5834 | 0.2621 | 0.1526 | 0.1095 | 0.0000
2026-04-01 13:26:59 | 134 | nan | 2.3948 | 0.2504 | 0.1444 | 0.1060 | 0.0000
2026-04-01 13:27:02 | 135 | nan | 1.1346 | 0.2309 | 0.1297 | 0.1012 | 0.0000
2026-04-01 13:27:06 | 136 | nan | 0.9115 | 0.2197 | 0.1212 | 0.0986 | 0.0000
2026-04-01 13:27:09 | 137 | nan | 1.6385 | 0.2027 | 0.1128 | 0.0899 | 0.0000
2026-04-01 13:27:13 | 138 | nan | 1.6491 | 0.1981 | 0.1075 | 0.0906 | 0.0000
2026-04-01 13:27:16 | 139 | nan | 2.9230 | 0.1863 | 0.0992 | 0.0872 | 0.0000
2026-04-01 13:27:19 | 140 | nan | 3.3906 | 0.1784 | 0.0930 | 0.0853 | 0.0000
2026-04-01 13:27:23 | 141 | nan | 4.6141 | 0.1673 | 0.0891 | 0.0782 | 0.0000
2026-04-01 13:27:26 | 142 | nan | 5.3635 | 0.1576 | 0.0810 | 0.0766 | 0.0000
2026-04-01 13:27:30 | 143 | nan | 4.7571 | 0.1503 | 0.0754 | 0.0750 | 0.0000
2026-04-01 13:27:33 | 144 | nan | 4.5212 | 0.1381 | 0.0722 | 0.0659 | 0.0000
2026-04-01 13:27:37 | 145 | nan | 3.8563 | 0.1458 | 0.0683 | 0.0775 | 0.0000
2026-04-01 13:27:40 | 146 | nan | 4.8047 | 0.1351 | 0.0662 | 0.0689 | 0.0000
2026-04-01 13:27:43 | 147 | nan | 5.4435 | 0.1237 | 0.0598 | 0.0639 | 0.0000
2026-04-01 13:27:47 | 148 | nan | 3.8753 | 0.1279 | 0.0600 | 0.0679 | 0.0000
2026-04-01 13:27:50 | 149 | nan | 4.9087 | 0.1167 | 0.0507 | 0.0660 | 0.0000
2026-04-01 13:27:54 | 150 | nan | 4.0056 | 0.1071 | 0.0488 | 0.0583 | 0.0000
2026-04-01 13:27:57 | 151 | nan | 2.9062 | 0.2979 | 0.0490 | 0.2489 | 53.1429
2026-04-01 13:28:01 | 152 | nan | 3.5014 | 0.0965 | 0.0471 | 0.0494 | 0.0000
2026-04-01 13:28:04 | 153 | nan | 5.2979 | 0.1027 | 0.0438 | 0.0589 | 0.0000
2026-04-01 13:28:08 | 154 | nan | 6.0038 | 0.0995 | 0.0413 | 0.0582 | 0.0000
2026-04-01 13:28:11 | 155 | nan | 6.4715 | 0.0881 | 0.0401 | 0.0480 | 0.0000
2026-04-01 13:28:15 | 156 | nan | 5.1976 | 0.0861 | 0.0390 | 0.0471 | 0.0000
2026-04-01 13:28:18 | 157 | nan | 3.4625 | 0.0918 | 0.0379 | 0.0539 | 0.0000
2026-04-01 13:28:22 | 158 | nan | 4.5240 | 0.0899 | 0.0379 | 0.0520 | 0.0000
2026-04-01 13:28:25 | 159 | nan | 5.1677 | 0.0820 | 0.0349 | 0.0472 | 0.0000
2026-04-01 13:28:29 | 160 | nan | 5.1690 | 0.0924 | 0.0349 | 0.0575 | 0.0000
2026-04-01 13:28:32 | 161 | nan | 4.2087 | 0.0779 | 0.0339 | 0.0440 | 0.0000
2026-04-01 13:28:36 | 162 | nan | 2.9388 | 0.0862 | 0.0336 | 0.0525 | 0.0000
2026-04-01 13:28:39 | 163 | nan | 3.6999 | 0.0732 | 0.0316 | 0.0417 | 0.0000
2026-04-01 13:28:42 | 164 | nan | 5.7704 | 0.0713 | 0.0281 | 0.0432 | 0.0000
2026-04-01 13:28:46 | 165 | nan | 6.8897 | 0.0832 | 0.0309 | 0.0523 | 11.0000
2026-04-01 13:28:49 | 166 | 13.0000 | 5.4453 | 0.0673 | 0.0297 | 0.0377 | 0.0000
2026-04-01 13:28:53 | 167 | nan | 5.0245 | 0.0661 | 0.0278 | 0.0383 | 0.0000
2026-04-01 13:28:56 | 168 | nan | 6.7850 | 0.0769 | 0.0281 | 0.0488 | 0.0000
2026-04-01 13:28:59 | 169 | nan | 5.2566 | 0.0802 | 0.0271 | 0.0532 | 0.0000
2026-04-01 13:29:03 | 170 | nan | 4.1194 | 0.0704 | 0.0278 | 0.0426 | 0.0000
2026-04-01 13:29:06 | 171 | nan | 6.0226 | 0.0586 | 0.0274 | 0.0312 | 0.0000
2026-04-01 13:29:10 | 172 | nan | 5.9669 | 0.0651 | 0.0253 | 0.0398 | 0.0000
2026-04-01 13:29:13 | 173 | nan | 5.7995 | 0.0588 | 0.0246 | 0.0343 | 0.0000
2026-04-01 13:29:17 | 174 | nan | 5.2030 | 0.0621 | 0.0243 | 0.0378 | 0.0000
2026-04-01 13:29:20 | 175 | nan | 3.9664 | 0.0670 | 0.0236 | 0.0434 | 0.0000
2026-04-01 13:29:24 | 176 | nan | 4.3189 | 0.0583 | 0.0249 | 0.0334 | 0.0000
2026-04-01 13:29:27 | 177 | nan | 4.9744 | 0.0551 | 0.0251 | 0.0300 | 0.0000
2026-04-01 13:29:31 | 178 | nan | 4.9483 | 0.0668 | 0.0243 | 0.0425 | 0.0000
2026-04-01 13:29:34 | 179 | nan | 4.9897 | 0.0498 | 0.0233 | 0.0266 | 0.0000
2026-04-01 13:29:38 | 180 | nan | 3.8020 | 0.0578 | 0.0284 | 0.0293 | 0.0000
2026-04-01 13:29:41 | 181 | nan | 2.6256 | 0.0545 | 0.0252 | 0.0293 | 0.0000
2026-04-01 13:29:44 | 182 | nan | 2.4135 | 0.0704 | 0.0215 | 0.0489 | 0.0000
2026-04-01 13:29:48 | 183 | nan | 1.5658 | 0.0572 | 0.0224 | 0.0348 | 0.0000
2026-04-01 13:29:51 | 184 | nan | 0.7253 | 0.1027 | 0.0254 | 0.0773 | 0.0000
2026-04-01 13:29:55 | 185 | nan | 1.2922 | 0.0625 | 0.0244 | 0.0381 | 0.0000
2026-04-01 13:29:58 | 186 | nan | 0.9479 | 0.0602 | 0.0255 | 0.0347 | 0.0000
2026-04-01 13:30:02 | 187 | nan | 1.8569 | 0.0621 | 0.0212 | 0.0410 | 0.0000
2026-04-01 13:30:05 | 188 | nan | 2.1783 | 3.8196 | 0.0283 | 3.7913 | 0.0000
2026-04-01 13:30:09 | 189 | nan | 1.9195 | 0.1585 | 0.0253 | 0.1332 | 0.0000
2026-04-01 13:30:12 | 190 | nan | 2.0635 | 3.5449 | 0.0332 | 3.5117 | 0.0000
2026-04-01 13:30:16 | 191 | nan | 3.3019 | 0.0773 | 0.0348 | 0.0425 | 0.0000
2026-04-01 13:30:19 | 192 | nan | 2.2370 | 0.0621 | 0.0414 | 0.0206 | 0.0000
2026-04-01 13:30:23 | 193 | nan | 1.0636 | 0.0638 | 0.0401 | 0.0238 | 0.0000
2026-04-01 13:30:26 | 194 | nan | 0.5532 | 0.2029 | 0.0498 | 0.1532 | 0.0000
2026-04-01 13:30:29 | 195 | nan | 0.7320 | 0.0822 | 0.0519 | 0.0303 | 0.0000
2026-04-01 13:30:33 | 196 | nan | 2.5497 | 3.6831 | 0.0548 | 3.6283 | 0.0000
2026-04-01 13:30:36 | 197 | nan | 2.5088 | 0.1241 | 0.0681 | 0.0560 | 0.0000
2026-04-01 13:30:39 | 198 | 346.0000 | 2.4969 | 0.0917 | 0.0670 | 0.0247 | 0.0000
2026-04-01 13:30:42 | 199 | nan | 2.0480 | 2.8280 | 0.0885 | 2.7394 | 237.0000
2026-04-01 13:30:46 | 200 | nan | 2.0990 | 0.2037 | 0.0933 | 0.1104 | 252.4286
