2026-04-03 10:33:26 | Training started | num_expert_samples=5000
2026-04-03 10:33:26 | iter | train_reward | test_imitation_loss | test_disc_loss | test_disc_loss_expert | test_disc_loss_generated | test_gen_reward
2026-04-03 10:33:38 | 1 | -107.5168 | 4.2296 | 1.3594 | 0.7152 | 0.6442 | -111.0768
2026-04-03 10:33:49 | 2 | -106.1143 | 4.2374 | 1.3470 | 0.7014 | 0.6456 | -108.1636
2026-04-03 10:34:01 | 3 | -108.1849 | 4.2447 | 1.3364 | 0.6875 | 0.6489 | -111.5485
2026-04-03 10:34:12 | 4 | -108.0442 | 4.2458 | 1.3233 | 0.6729 | 0.6504 | -108.9146
2026-04-03 10:34:24 | 5 | -103.0708 | 4.2212 | 1.3121 | 0.6588 | 0.6533 | -104.1847
2026-04-03 10:34:36 | 6 | -101.8345 | 4.1883 | 1.2993 | 0.6448 | 0.6545 | -108.0243
2026-04-03 10:34:47 | 7 | -101.3779 | 4.1551 | 1.2930 | 0.6308 | 0.6622 | -95.0550
2026-04-03 10:34:59 | 8 | -98.8278 | 4.1262 | 1.2767 | 0.6164 | 0.6603 | -95.5381
2026-04-03 10:35:10 | 9 | -93.2814 | 4.1011 | 1.2704 | 0.6033 | 0.6671 | -84.5576
2026-04-03 10:35:21 | 10 | -89.6874 | 4.0595 | 1.2632 | 0.5909 | 0.6723 | -80.2154
2026-04-03 10:35:33 | 11 | -85.3260 | 4.0440 | 1.2520 | 0.5781 | 0.6739 | -79.7031
2026-04-03 10:35:44 | 12 | -79.6943 | 4.0144 | 1.2467 | 0.5665 | 0.6802 | -71.8475
2026-04-03 10:35:56 | 13 | -75.6695 | 3.9821 | 1.2396 | 0.5568 | 0.6828 | -71.4611
2026-04-03 10:36:07 | 14 | -66.9353 | 3.9560 | 1.2236 | 0.5457 | 0.6779 | -70.3307
2026-04-03 10:36:18 | 15 | -66.0362 | 3.9400 | 1.2256 | 0.5338 | 0.6918 | -62.2430
2026-04-03 10:36:29 | 16 | -58.5901 | 3.9119 | 1.2156 | 0.5245 | 0.6910 | -62.8601
2026-04-03 10:36:41 | 17 | -58.1245 | 3.8893 | 1.2145 | 0.5161 | 0.6984 | -58.2178
2026-04-03 10:36:52 | 18 | -59.0017 | 3.8616 | 1.2046 | 0.5100 | 0.6945 | -60.6052
2026-04-03 10:37:03 | 19 | -53.3119 | 3.8416 | 1.2144 | 0.5047 | 0.7097 | -52.3716
2026-04-03 10:37:14 | 20 | -54.6336 | 3.8254 | 1.2084 | 0.4987 | 0.7097 | -54.6184
2026-04-03 10:37:26 | 21 | -50.6162 | 3.8009 | 1.2199 | 0.4951 | 0.7248 | -54.3970
2026-04-03 10:37:37 | 22 | -53.9596 | 3.7833 | 1.2249 | 0.4952 | 0.7297 | -54.1398
2026-04-03 10:37:48 | 23 | -52.2331 | 3.7664 | 1.2328 | 0.4931 | 0.7397 | -54.1531
2026-04-03 10:37:59 | 24 | -60.6142 | 3.7453 | 1.2288 | 0.4963 | 0.7325 | -53.9758
2026-04-03 10:38:11 | 25 | -57.6207 | 3.7237 | 1.2350 | 0.5030 | 0.7320 | -60.9087
2026-04-03 10:38:22 | 26 | -60.4716 | 3.7105 | 1.2333 | 0.5053 | 0.7280 | -56.2115
2026-04-03 10:38:33 | 27 | -50.9233 | 3.6913 | 1.2158 | 0.5155 | 0.7003 | -62.1520
2026-04-03 10:38:44 | 28 | -57.1560 | 3.6744 | 1.2458 | 0.5270 | 0.7188 | -65.1744
2026-04-03 10:38:55 | 29 | -62.7771 | 3.6622 | 1.2310 | 0.5414 | 0.6896 | -64.3551
2026-04-03 10:39:06 | 30 | -61.4323 | 3.6405 | 1.2555 | 0.5588 | 0.6966 | -64.0396
2026-04-03 10:39:17 | 31 | -63.3184 | 3.6328 | 1.2362 | 0.5724 | 0.6638 | -70.0710
2026-04-03 10:39:29 | 32 | -63.9351 | 3.6103 | 1.2237 | 0.5929 | 0.6308 | -65.7230
2026-04-03 10:39:40 | 33 | -64.1724 | 3.5989 | 1.2251 | 0.6002 | 0.6249 | -68.5529
2026-04-03 10:39:51 | 34 | -66.2894 | 3.5901 | 1.2325 | 0.6138 | 0.6187 | -62.8947
2026-04-03 10:40:02 | 35 | -59.1469 | 3.5817 | 1.2048 | 0.6285 | 0.5763 | -70.5081
2026-04-03 10:40:13 | 36 | -75.9468 | 3.5768 | 1.2064 | 0.6281 | 0.5783 | -67.4159
2026-04-03 10:40:24 | 37 | -68.7728 | 3.5779 | 1.1678 | 0.6242 | 0.5436 | -63.1382
2026-04-03 10:40:35 | 38 | -70.0927 | 3.5751 | 1.1963 | 0.6292 | 0.5671 | -67.1089
2026-04-03 10:40:46 | 39 | -71.6508 | 3.5694 | 1.1354 | 0.6152 | 0.5202 | -76.8964
2026-04-03 10:40:57 | 40 | -71.1685 | 3.5722 | 1.1265 | 0.6118 | 0.5147 | -67.7578
2026-04-03 10:41:09 | 41 | -70.0526 | 3.5723 | 1.1223 | 0.5918 | 0.5305 | -72.0027
2026-04-03 10:41:20 | 42 | -77.1125 | 3.5812 | 1.1293 | 0.5827 | 0.5466 | -68.0511
2026-04-03 10:41:31 | 43 | -77.4243 | 3.5821 | 1.0674 | 0.5554 | 0.5120 | -70.9616
2026-04-03 10:41:42 | 44 | -70.0297 | 3.5835 | 1.0604 | 0.5446 | 0.5158 | -67.6543
2026-04-03 10:41:53 | 45 | -72.5868 | 3.5888 | 1.0422 | 0.5235 | 0.5187 | -74.7394
2026-04-03 10:42:04 | 46 | -68.6264 | 3.5955 | 1.0634 | 0.5086 | 0.5548 | -69.5598
2026-04-03 10:42:15 | 47 | -70.9321 | 3.5963 | 0.9955 | 0.4920 | 0.5034 | -73.4785
2026-04-03 10:42:27 | 48 | -70.5575 | 3.5971 | 0.9727 | 0.4856 | 0.4871 | -72.0513
2026-04-03 10:42:38 | 49 | -70.5958 | 3.6011 | 0.9998 | 0.4742 | 0.5257 | -71.5878
2026-04-03 10:42:49 | 50 | -69.6673 | 3.6011 | 0.9828 | 0.4572 | 0.5256 | -69.6310
2026-04-03 10:43:00 | 51 | -75.3919 | 3.6100 | 0.9871 | 0.4664 | 0.5207 | -71.4740
2026-04-03 10:43:11 | 52 | -66.2074 | 3.6174 | 0.9256 | 0.4554 | 0.4702 | -77.4064
2026-04-03 10:43:22 | 53 | -70.6693 | 3.6084 | 0.8969 | 0.4513 | 0.4456 | -72.7071
2026-04-03 10:43:33 | 54 | -72.8223 | 3.6097 | 0.9155 | 0.4403 | 0.4752 | -65.7251
2026-04-03 10:43:44 | 55 | -65.6007 | 3.6125 | 0.8913 | 0.4411 | 0.4503 | -70.3006
2026-04-03 10:43:55 | 56 | -69.0706 | 3.6185 | 0.9058 | 0.4227 | 0.4831 | -73.1986
2026-04-03 10:44:07 | 57 | -71.1612 | 3.6035 | 0.8931 | 0.4106 | 0.4825 | -71.2438
2026-04-03 10:44:18 | 58 | -73.2694 | 3.6100 | 0.9285 | 0.4071 | 0.5214 | -69.9093
2026-04-03 10:44:29 | 59 | -67.3405 | 3.6126 | 0.8692 | 0.4078 | 0.4614 | -71.7142
2026-04-03 10:44:40 | 60 | -64.0001 | 3.6084 | 0.8900 | 0.4013 | 0.4888 | -67.3143
2026-04-03 10:44:51 | 61 | -69.7718 | 3.5989 | 0.8745 | 0.4030 | 0.4715 | -71.9709
2026-04-03 10:45:02 | 62 | -77.2968 | 3.6116 | 0.8743 | 0.3903 | 0.4840 | -66.9005
2026-04-03 10:45:13 | 63 | -66.4262 | 3.6009 | 0.8634 | 0.3915 | 0.4719 | -72.2388
2026-04-03 10:45:24 | 64 | -73.8910 | 3.5941 | 0.8141 | 0.3737 | 0.4404 | -72.0918
2026-04-03 10:45:36 | 65 | -70.6515 | 3.6008 | 0.7702 | 0.3688 | 0.4014 | -78.4234
2026-04-03 10:45:47 | 66 | -71.7077 | 3.6011 | 0.8337 | 0.3533 | 0.4804 | -71.4051
2026-04-03 10:45:58 | 67 | -76.7939 | 3.6039 | 0.8233 | 0.3494 | 0.4739 | -73.3344
2026-04-03 10:46:09 | 68 | -77.7646 | 3.5844 | 0.9379 | 0.3366 | 0.6013 | -63.2869
2026-04-03 10:46:20 | 69 | -67.1141 | 3.5956 | 0.7409 | 0.3389 | 0.4021 | -78.2543
2026-04-03 10:46:31 | 70 | -68.5667 | 3.5924 | 0.7684 | 0.3399 | 0.4285 | -77.3607
2026-04-03 10:46:42 | 71 | -68.6225 | 3.5807 | 0.8208 | 0.3392 | 0.4816 | -77.1188
2026-04-03 10:46:53 | 72 | -74.3847 | 3.5844 | 0.7906 | 0.3458 | 0.4448 | -72.9032
2026-04-03 10:47:05 | 73 | -73.3733 | 3.5749 | 0.8028 | 0.3477 | 0.4551 | -68.1942
2026-04-03 10:47:15 | 74 | -54.9699 | 3.5735 | 0.7696 | 0.3563 | 0.4133 | -75.7757
2026-04-03 10:47:27 | 75 | -72.2253 | 3.5809 | 0.8966 | 0.3728 | 0.5239 | -66.4726
2026-04-03 10:47:38 | 76 | -65.1436 | 3.5728 | 0.7749 | 0.3806 | 0.3944 | -68.6707
2026-04-03 10:47:48 | 77 | -71.1022 | 3.5831 | 0.7731 | 0.3798 | 0.3933 | -72.8845
2026-04-03 10:48:00 | 78 | -73.4153 | 3.5836 | 0.8159 | 0.3815 | 0.4344 | -73.3021
2026-04-03 10:48:11 | 79 | -71.6455 | 3.5845 | 0.7619 | 0.3589 | 0.4031 | -77.7058
2026-04-03 10:48:22 | 80 | -69.8941 | 3.5960 | 0.8266 | 0.3498 | 0.4768 | -61.7825
2026-04-03 10:48:33 | 81 | -69.7898 | 3.5743 | 0.8658 | 0.3363 | 0.5296 | -63.3949
2026-04-03 10:48:44 | 82 | -68.3932 | 3.6066 | 0.8586 | 0.3375 | 0.5211 | -66.2342
2026-04-03 10:48:55 | 83 | -62.9083 | 3.6154 | 0.8872 | 0.3415 | 0.5457 | -61.4865
2026-04-03 10:49:05 | 84 | -65.8368 | 3.6092 | 0.8970 | 0.3506 | 0.5464 | -66.6235
2026-04-03 10:49:16 | 85 | -64.1198 | 3.6503 | 0.8321 | 0.3604 | 0.4717 | -65.7943
2026-04-03 10:49:27 | 86 | -68.7498 | 3.7172 | 0.9150 | 0.3853 | 0.5297 | -66.8038
2026-04-03 10:49:38 | 87 | -69.9180 | 3.7846 | 0.9339 | 0.3922 | 0.5417 | -69.4186
2026-04-03 10:49:49 | 88 | -64.1045 | 3.8852 | 0.8380 | 0.4046 | 0.4333 | -71.5677
2026-04-03 10:50:00 | 89 | -77.4029 | 4.0714 | 0.9306 | 0.4018 | 0.5288 | -67.5556
2026-04-03 10:50:11 | 90 | -68.5207 | 4.1742 | 0.9735 | 0.3855 | 0.5880 | -65.2101
2026-04-03 10:50:22 | 91 | -73.1043 | 4.6791 | 1.0183 | 0.3778 | 0.6405 | -61.7677
2026-04-03 10:50:33 | 92 | -72.2062 | 5.2226 | 0.9135 | 0.3697 | 0.5438 | -68.2056
2026-04-03 10:50:44 | 93 | -75.8617 | 5.7864 | 0.8327 | 0.3536 | 0.4790 | -76.2894
2026-04-03 10:50:55 | 94 | -79.3224 | 7.4038 | 0.8248 | 0.3573 | 0.4675 | -86.5313
2026-04-03 10:51:06 | 95 | -70.7405 | 9.4847 | 0.9263 | 0.3539 | 0.5724 | -79.1519
2026-04-03 10:51:17 | 96 | -64.4897 | 12.8795 | 0.8002 | 0.3646 | 0.4357 | -78.2635
2026-04-03 10:51:28 | 97 | -73.6399 | 17.9223 | 0.8007 | 0.3734 | 0.4273 | -82.7765
2026-04-03 10:51:39 | 98 | -87.5543 | 29.5491 | 0.7113 | 0.3758 | 0.3355 | -90.5439
2026-04-03 10:51:50 | 99 | -83.8995 | 50.0910 | 0.6859 | 0.3674 | 0.3186 | -94.8241
2026-04-03 10:52:01 | 100 | -96.6768 | 96.2667 | 0.5498 | 0.3258 | 0.2240 | -98.9693
2026-04-03 10:52:12 | 101 | -97.4133 | 224.1979 | 0.5471 | 0.2932 | 0.2539 | -101.6047
2026-04-03 10:52:23 | 102 | -101.2880 | 725.5506 | 0.4567 | 0.2470 | 0.2097 | -106.1606
2026-04-03 10:52:34 | 103 | -103.3486 | 8234.0889 | 0.4120 | 0.2091 | 0.2029 | -110.1921
2026-04-03 10:52:45 | 104 | -108.9938 | 10244495360.0000 | 0.3320 | 0.1733 | 0.1587 | -113.3684
2026-04-03 10:59:56 | Training started | num_expert_samples=5000
2026-04-03 10:59:56 | iter | train_reward | test_imitation_loss | test_disc_loss | test_disc_loss_expert | test_disc_loss_generated | test_gen_reward
2026-04-03 11:00:08 | 1 | -119.9566 | 4.3133 | 1.3774 | 0.6894 | 0.6879 | -120.5344
2026-04-03 11:00:19 | 2 | -116.9357 | 4.3129 | 1.3657 | 0.6804 | 0.6853 | -125.5305
2026-04-03 11:00:31 | 3 | -123.2671 | 4.3262 | 1.3535 | 0.6719 | 0.6816 | -124.8658
2026-04-03 11:00:42 | 4 | -122.4852 | 4.3215 | 1.3425 | 0.6644 | 0.6782 | -121.0731
2026-04-03 11:00:54 | 5 | -122.6695 | 4.2992 | 1.3291 | 0.6567 | 0.6724 | -120.0950
2026-04-03 11:01:05 | 6 | -120.4908 | 4.2687 | 1.3172 | 0.6495 | 0.6677 | -116.5592
2026-04-03 11:01:17 | 7 | -114.7662 | 4.2325 | 1.3063 | 0.6423 | 0.6640 | -114.2044
2026-04-03 11:01:28 | 8 | -116.0461 | 4.2191 | 1.2953 | 0.6346 | 0.6606 | -112.5809
2026-04-03 11:01:40 | 9 | -111.0607 | 4.1996 | 1.2828 | 0.6270 | 0.6558 | -107.8047
2026-04-03 11:01:51 | 10 | -107.8015 | 4.1838 | 1.2642 | 0.6189 | 0.6453 | -113.0302
2026-04-03 11:02:03 | 11 | -105.0278 | 4.1616 | 1.2571 | 0.6106 | 0.6465 | -103.9426
2026-04-03 11:02:14 | 12 | -101.9303 | 4.1405 | 1.2389 | 0.6023 | 0.6366 | -100.0149
2026-04-03 11:02:27 | Training started | num_expert_samples=5000
2026-04-03 11:02:27 | iter | train_reward | test_imitation_loss | test_disc_loss | test_disc_loss_expert | test_disc_loss_generated | test_gen_reward
2026-04-03 11:02:38 | 1 | -104.3117 | 4.1555 | 1.3813 | 0.6623 | 0.7189 | -99.0871
2026-04-24 11:42:29 | Training started | num_expert_samples=5000
2026-04-24 11:42:29 | iter | train_reward | test_imitation_loss | test_disc_loss | test_disc_loss_expert | test_disc_loss_generated | test_gen_reward
2026-04-24 11:42:38 | 1 | -118.5705 | 4.3942 | 1.3655 | 0.6060 | 0.7595 | -120.3051
2026-04-24 11:42:46 | 2 | -118.9763 | 4.3768 | 1.3536 | 0.6052 | 0.7483 | -120.0057
2026-04-24 11:42:55 | 3 | -121.5772 | 4.3669 | 1.3427 | 0.6039 | 0.7388 | -117.2143
2026-04-24 11:43:03 | 4 | -116.7226 | 4.3365 | 1.3309 | 0.6019 | 0.7290 | -119.8810
2026-04-24 11:43:12 | 5 | -121.6034 | 4.3254 | 1.3183 | 0.5995 | 0.7188 | -119.7851
2026-04-24 11:43:20 | 6 | -118.2065 | 4.2918 | 1.3107 | 0.5971 | 0.7136 | -111.8914
2026-04-24 11:43:29 | 7 | -111.1982 | 4.2547 | 1.2967 | 0.5945 | 0.7022 | -116.1826
2026-04-24 11:43:37 | 8 | -115.3046 | 4.2289 | 1.2891 | 0.5907 | 0.6984 | -108.2832
2026-04-24 11:43:45 | 9 | -112.7755 | 4.1937 | 1.2799 | 0.5872 | 0.6927 | -106.6635
2026-04-24 11:43:54 | 10 | -110.9620 | 4.1829 | 1.2668 | 0.5830 | 0.6838 | -106.9417
2026-04-24 11:44:02 | 11 | -114.9475 | 4.1682 | 1.2531 | 0.5784 | 0.6746 | -106.0359
2026-04-24 11:44:10 | 12 | -104.8584 | 4.1340 | 1.2418 | 0.5746 | 0.6672 | -100.1726
2026-04-24 11:44:18 | 13 | -99.6207 | 4.1078 | 1.2373 | 0.5688 | 0.6684 | -94.0926
2026-04-24 11:44:26 | 14 | -94.2585 | 4.0820 | 1.2242 | 0.5627 | 0.6614 | -89.7099
2026-04-24 11:44:35 | 15 | -91.6062 | 4.0591 | 1.2133 | 0.5573 | 0.6559 | -88.2167
2026-04-24 11:44:43 | 16 | -82.4260 | 4.0242 | 1.2028 | 0.5508 | 0.6520 | -86.8183
2026-04-24 11:44:51 | 17 | -85.1921 | 4.0140 | 1.1866 | 0.5456 | 0.6410 | -83.3223
2026-04-24 11:44:59 | 18 | -83.8870 | 3.9914 | 1.1886 | 0.5384 | 0.6503 | -76.9671
2026-04-24 11:45:07 | 19 | -81.2773 | 3.9617 | 1.1763 | 0.5330 | 0.6433 | -76.8962
2026-04-24 11:45:15 | 20 | -74.0972 | 3.9320 | 1.1536 | 0.5243 | 0.6293 | -76.3297
2026-04-24 11:45:24 | 21 | -78.5430 | 3.9219 | 1.1573 | 0.5195 | 0.6378 | -70.0128
2026-04-24 11:45:32 | 22 | -73.0730 | 3.9012 | 1.1565 | 0.5128 | 0.6436 | -67.4721
2026-04-24 11:45:40 | 23 | -74.3321 | 3.8793 | 1.1448 | 0.5078 | 0.6370 | -68.1658
2026-04-24 11:45:48 | 24 | -69.0491 | 3.8627 | 1.1397 | 0.5043 | 0.6353 | -64.5471
2026-04-24 11:45:56 | 25 | -70.6834 | 3.8468 | 1.1190 | 0.4985 | 0.6204 | -69.1094
2026-04-24 11:46:04 | 26 | -66.5513 | 3.8237 | 1.1216 | 0.4949 | 0.6267 | -71.1667
2026-04-24 11:46:12 | 27 | -71.5432 | 3.8103 | 1.1088 | 0.4924 | 0.6164 | -67.2299
2026-04-24 11:46:21 | 28 | -70.0755 | 3.7980 | 1.0883 | 0.4906 | 0.5977 | -67.9502
2026-04-24 11:46:29 | 29 | -64.1014 | 3.7723 | 1.0755 | 0.4890 | 0.5864 | -62.6479
2026-04-24 11:46:37 | 30 | -68.6821 | 3.7695 | 1.0530 | 0.4879 | 0.5650 | -68.1472
2026-04-24 11:46:46 | 31 | -69.6853 | 3.7581 | 1.0489 | 0.4867 | 0.5623 | -66.6108
2026-04-24 11:46:54 | 32 | -68.0103 | 3.7496 | 1.0170 | 0.4837 | 0.5333 | -70.7878
2026-04-24 11:47:02 | 33 | -70.0641 | 3.7408 | 1.0062 | 0.4832 | 0.5230 | -66.4544
2026-04-24 11:47:10 | 34 | -66.2937 | 3.7383 | 0.9838 | 0.4781 | 0.5058 | -62.9478
2026-04-24 11:47:18 | 35 | -63.7751 | 3.7328 | 0.9816 | 0.4790 | 0.5026 | -67.3257
2026-04-24 11:47:26 | 36 | -71.2918 | 3.7391 | 0.9455 | 0.4715 | 0.4741 | -65.4022
2026-04-24 11:47:34 | 37 | -66.7849 | 3.7400 | 0.9243 | 0.4624 | 0.4619 | -65.2125
2026-04-24 11:47:42 | 38 | -65.7644 | 3.7434 | 0.9313 | 0.4542 | 0.4771 | -64.8495
2026-04-24 11:47:50 | 39 | -69.2702 | 3.7421 | 0.9513 | 0.4433 | 0.5080 | -61.6083
2026-04-24 11:47:59 | 40 | -60.3026 | 3.7458 | 0.8914 | 0.4216 | 0.4698 | -68.7908
2026-04-24 11:48:07 | 41 | -67.0648 | 3.7574 | 0.8492 | 0.4076 | 0.4416 | -66.2440
2026-04-24 11:48:15 | 42 | -63.7757 | 3.7654 | 0.8227 | 0.3950 | 0.4277 | -65.5267
2026-04-24 11:48:23 | 43 | -62.6516 | 3.7716 | 0.8576 | 0.3854 | 0.4723 | -65.6869
2026-04-24 11:48:31 | 44 | -65.3260 | 3.7801 | 0.8481 | 0.3776 | 0.4705 | -64.8591
2026-04-24 11:48:39 | 45 | -66.2174 | 3.7798 | 0.8174 | 0.3699 | 0.4474 | -68.1378
2026-04-24 11:48:47 | 46 | -71.4765 | 3.7857 | 0.8322 | 0.3573 | 0.4749 | -64.4190
2026-04-24 11:48:55 | 47 | -70.7306 | 3.8060 | 0.8282 | 0.3461 | 0.4821 | -68.8413
2026-04-24 11:49:03 | 48 | -66.7779 | 3.7995 | 0.7628 | 0.3472 | 0.4155 | -70.9079
2026-04-24 11:49:11 | 49 | -71.8176 | 3.8009 | 0.7621 | 0.3395 | 0.4226 | -73.3222
2026-04-24 11:49:19 | 50 | -66.5705 | 3.7969 | 0.7458 | 0.3260 | 0.4198 | -67.7537
2026-04-24 11:49:27 | 51 | -64.3160 | 3.8046 | 0.6912 | 0.3237 | 0.3675 | -71.6351
2026-04-24 11:49:35 | 52 | -70.4083 | 3.8038 | 0.8339 | 0.3292 | 0.5047 | -63.6525
2026-04-24 11:49:43 | 53 | -67.8811 | 3.7962 | 0.7489 | 0.3397 | 0.4091 | -61.8747
2026-04-24 11:49:51 | 54 | -63.9250 | 3.7959 | 0.7071 | 0.3313 | 0.3758 | -66.0647
2026-04-24 11:49:59 | 55 | -68.4282 | 3.7882 | 0.7696 | 0.3381 | 0.4315 | -65.2903
2026-04-24 11:50:07 | 56 | -64.4229 | 3.7918 | 0.6422 | 0.3216 | 0.3206 | -67.8112
2026-04-24 11:50:15 | 57 | -78.2661 | 3.7768 | 0.7064 | 0.3244 | 0.3820 | -63.2902
2026-04-24 11:50:23 | 58 | -65.8128 | 3.7694 | 0.6477 | 0.3186 | 0.3291 | -67.8163
2026-04-24 11:50:31 | 59 | -72.0411 | 3.7557 | 0.6890 | 0.3077 | 0.3813 | -61.2445
2026-04-24 11:50:39 | 60 | -68.2840 | 3.7486 | 0.6906 | 0.2950 | 0.3956 | -64.9639
2026-04-24 11:50:47 | 61 | -65.5217 | 3.7490 | 0.6588 | 0.2822 | 0.3766 | -64.7546
2026-04-24 11:50:55 | 62 | -70.2110 | 3.7359 | 0.7411 | 0.2694 | 0.4717 | -68.3995
2026-04-24 11:51:03 | 63 | -64.6152 | 3.7220 | 0.6309 | 0.2600 | 0.3708 | -68.7726
2026-04-24 11:51:11 | 64 | -66.9563 | 3.7105 | 0.6200 | 0.2586 | 0.3614 | -66.1343
2026-04-24 11:51:19 | 65 | -66.1152 | 3.7057 | 0.6390 | 0.2662 | 0.3728 | -66.8791
2026-04-24 11:51:27 | 66 | -62.5264 | 3.6870 | 0.6624 | 0.2822 | 0.3802 | -64.8058
2026-04-24 11:51:35 | 67 | -64.0754 | 3.6790 | 0.6850 | 0.3192 | 0.3658 | -68.7396
2026-04-24 11:51:43 | 68 | -74.2197 | 3.6712 | 0.6594 | 0.3380 | 0.3214 | -63.2032
2026-04-24 11:51:51 | 69 | -72.7872 | 3.6467 | 0.6306 | 0.3472 | 0.2834 | -67.8880
2026-04-24 11:51:59 | 70 | -68.7244 | 3.6301 | 0.5747 | 0.3295 | 0.2452 | -69.0159
2026-04-24 11:52:07 | 71 | -63.1855 | 3.6230 | 0.6038 | 0.3095 | 0.2943 | -68.6965
2026-04-24 11:52:15 | 72 | -64.6512 | 3.6087 | 0.6267 | 0.2987 | 0.3279 | -64.0978
2026-04-24 11:52:23 | 73 | -60.6771 | 3.5881 | 0.6001 | 0.2936 | 0.3066 | -66.0574
2026-04-24 11:52:31 | 74 | -70.7765 | 3.5752 | 0.6440 | 0.2819 | 0.3621 | -65.2915
2026-04-24 11:52:39 | 75 | -68.2351 | 3.5483 | 0.6504 | 0.2521 | 0.3983 | -67.4244
2026-04-24 11:52:47 | 76 | -62.5328 | 3.5201 | 0.6743 | 0.2382 | 0.4361 | -64.3135
2026-04-24 11:52:55 | 77 | -74.1712 | 3.4882 | 0.5709 | 0.2313 | 0.3397 | -67.7344
2026-04-24 11:53:03 | 78 | -62.6078 | 3.4535 | 0.6593 | 0.2397 | 0.4196 | -68.9652
2026-04-24 11:53:10 | 79 | -73.5062 | 3.4187 | 0.5811 | 0.2446 | 0.3365 | -64.3761
2026-04-24 11:53:18 | 80 | -66.0727 | 3.3943 | 0.6494 | 0.2676 | 0.3818 | -64.7593
2026-04-24 11:53:26 | 81 | -71.8470 | 3.3439 | 0.6486 | 0.2833 | 0.3653 | -74.2344
2026-04-24 11:53:34 | 82 | -69.0305 | 3.3130 | 0.5910 | 0.3216 | 0.2694 | -70.6949
2026-04-24 11:53:43 | 83 | -68.9557 | 3.2631 | 0.6875 | 0.3279 | 0.3596 | -73.1694
2026-04-24 11:53:51 | 84 | -64.5650 | 3.2123 | 0.7514 | 0.3329 | 0.4185 | -74.3866
2026-04-24 11:53:59 | 85 | -67.7438 | 3.1603 | 0.8463 | 0.2981 | 0.5482 | -69.0640
2026-04-24 11:54:07 | 86 | -63.5913 | 3.1254 | 0.7200 | 0.2914 | 0.4287 | -61.4866
2026-04-24 11:54:15 | 87 | -70.8096 | 3.0726 | 0.6799 | 0.2625 | 0.4173 | -73.9446
2026-04-24 11:54:23 | 88 | -71.9937 | 3.0944 | 0.9671 | 0.2625 | 0.7046 | -57.4198
2026-04-24 11:54:32 | 89 | -75.9340 | 3.1507 | 0.9134 | 0.2516 | 0.6618 | -79.8585
2026-04-24 11:54:40 | 90 | -79.3202 | 3.4173 | 0.6774 | 0.2647 | 0.4127 | -78.8713
2026-04-24 11:54:48 | 91 | -77.3128 | 3.8863 | 0.7339 | 0.2778 | 0.4561 | -73.9407
2026-04-24 11:54:56 | 92 | -80.4041 | 4.9227 | 0.6689 | 0.2951 | 0.3738 | -88.9147
2026-04-24 11:55:04 | 93 | -87.2445 | 7.0998 | 0.6516 | 0.2916 | 0.3600 | -87.0441
2026-04-24 11:55:12 | 94 | -86.5848 | 11.7650 | 0.6102 | 0.2914 | 0.3189 | -86.6604
2026-04-24 11:55:20 | 95 | -81.6718 | 21.5243 | 0.5265 | 0.2740 | 0.2524 | -100.4136
2026-04-24 11:55:28 | 96 | -99.8837 | 46.0952 | 0.3851 | 0.2458 | 0.1393 | -104.5350
2026-04-24 11:55:37 | 97 | -107.7933 | 121.9153 | 0.2941 | 0.1976 | 0.0965 | -110.6862
2026-04-24 11:55:45 | 98 | -109.4397 | 457.9590 | 0.2326 | 0.1583 | 0.0743 | -117.3757
2026-04-24 11:55:54 | 99 | -116.0028 | 5436.5112 | 0.1788 | 0.1177 | 0.0611 | -115.2448
2026-04-24 11:56:03 | 100 | -119.4727 | 2573186048.0000 | 0.1337 | 0.0929 | 0.0408 | -126.3670
2026-04-24 11:59:04 | Training started | num_expert_samples=5000
2026-04-24 11:59:04 | iter | train_reward | test_imitation_loss | test_disc_loss | test_disc_loss_expert | test_disc_loss_generated | test_gen_reward
2026-04-24 11:59:12 | 1 | -108.2945 | 4.2768 | 1.3898 | 0.6879 | 0.7019 | -117.5223
2026-04-24 11:59:21 | 2 | -118.1727 | 4.2742 | 1.3796 | 0.6854 | 0.6942 | -111.4972
2026-04-24 11:59:29 | 3 | -113.7928 | 4.2787 | 1.3676 | 0.6824 | 0.6851 | -114.9591
2026-04-24 11:59:38 | 4 | -119.8037 | 4.2678 | 1.3570 | 0.6788 | 0.6782 | -115.7053
2026-04-24 11:59:46 | 5 | -114.3620 | 4.2466 | 1.3462 | 0.6743 | 0.6719 | -117.7571
2026-04-24 11:59:54 | 6 | -114.3204 | 4.2175 | 1.3385 | 0.6690 | 0.6695 | -111.1767
2026-04-24 12:00:03 | 7 | -105.9989 | 4.1979 | 1.3303 | 0.6631 | 0.6672 | -105.5169
2026-04-24 12:00:11 | 8 | -109.3762 | 4.1882 | 1.3174 | 0.6567 | 0.6607 | -108.8680
2026-04-24 12:00:19 | 9 | -95.0354 | 4.1523 | 1.3111 | 0.6498 | 0.6612 | -98.5221
2026-04-24 12:00:28 | 10 | -101.8884 | 4.1543 | 1.3053 | 0.6424 | 0.6630 | -95.8441
2026-04-24 12:00:36 | 11 | -94.6817 | 4.1264 | 1.2960 | 0.6348 | 0.6611 | -94.0482
2026-04-24 12:00:44 | 12 | -88.4204 | 4.1150 | 1.2907 | 0.6273 | 0.6634 | -88.6362
2026-04-24 12:00:53 | 13 | -91.3881 | 4.0912 | 1.2797 | 0.6195 | 0.6603 | -89.1429
2026-04-24 12:01:01 | 14 | -85.7499 | 4.0600 | 1.2784 | 0.6113 | 0.6671 | -81.7028
2026-04-24 12:01:09 | 15 | -80.0971 | 4.0224 | 1.2769 | 0.6026 | 0.6743 | -73.6464
2026-04-24 12:01:17 | 16 | -76.8676 | 4.0166 | 1.2615 | 0.5947 | 0.6668 | -76.3417
2026-04-24 12:01:25 | 17 | -71.0081 | 3.9787 | 1.2627 | 0.5851 | 0.6776 | -68.6377
2026-04-24 12:01:33 | 18 | -68.6534 | 3.9691 | 1.2639 | 0.5768 | 0.6871 | -62.9229
2026-04-24 12:01:41 | 19 | -61.8613 | 3.9358 | 1.2641 | 0.5682 | 0.6958 | -61.3769
2026-04-24 12:01:49 | 20 | -63.6058 | 3.9088 | 1.2568 | 0.5596 | 0.6972 | -57.8067
2026-04-24 12:01:57 | 21 | -59.4744 | 3.8750 | 1.2530 | 0.5506 | 0.7024 | -58.5559
2026-04-24 12:02:06 | 22 | -55.3301 | 3.8508 | 1.2591 | 0.5420 | 0.7171 | -53.2470
2026-04-24 12:02:14 | 23 | -52.9947 | 3.8195 | 1.2578 | 0.5352 | 0.7226 | -53.4929
2026-04-24 12:02:23 | 24 | -54.5824 | 3.8005 | 1.2478 | 0.5288 | 0.7190 | -61.0438
2026-04-24 12:02:31 | 25 | -48.1624 | 3.7713 | 1.2464 | 0.5208 | 0.7255 | -57.1138
2026-04-24 12:02:39 | 26 | -54.3337 | 3.7421 | 1.2492 | 0.5139 | 0.7353 | -53.6116
2026-04-24 12:02:48 | 27 | -55.6333 | 3.7229 | 1.2515 | 0.5104 | 0.7411 | -49.3961
2026-04-24 12:02:56 | 28 | -53.0571 | 3.7001 | 1.2525 | 0.5076 | 0.7449 | -56.3438
2026-04-24 12:03:05 | 29 | -54.9057 | 3.6741 | 1.2465 | 0.5060 | 0.7405 | -56.4256
2026-04-24 12:03:13 | 30 | -55.8317 | 3.6532 | 1.2544 | 0.5064 | 0.7480 | -56.9391
2026-04-24 12:03:21 | 31 | -58.8730 | 3.6395 | 1.2477 | 0.5094 | 0.7383 | -53.4613
2026-04-24 12:03:29 | 32 | -57.7842 | 3.6232 | 1.2554 | 0.5137 | 0.7417 | -54.4917
2026-04-24 12:03:38 | 33 | -56.2104 | 3.6058 | 1.2585 | 0.5195 | 0.7389 | -52.6996
2026-04-24 12:03:46 | 34 | -57.6443 | 3.5793 | 1.2613 | 0.5257 | 0.7356 | -55.4801
2026-04-24 12:03:54 | 35 | -59.8126 | 3.5692 | 1.2397 | 0.5356 | 0.7040 | -56.0134
2026-04-24 12:04:02 | 36 | -56.3165 | 3.5556 | 1.2356 | 0.5480 | 0.6876 | -55.7896
2026-04-24 12:04:10 | 37 | -56.4349 | 3.5402 | 1.2193 | 0.5537 | 0.6657 | -55.3740
2026-04-24 12:04:17 | 38 | -54.8438 | 3.5306 | 1.2313 | 0.5643 | 0.6671 | -55.2606
2026-04-24 12:04:25 | 39 | -57.7577 | 3.5182 | 1.2321 | 0.5700 | 0.6621 | -52.3282
2026-04-24 12:04:33 | 40 | -59.0574 | 3.5102 | 1.2051 | 0.5756 | 0.6295 | -59.0045
2026-04-24 12:04:41 | 41 | -54.8418 | 3.5003 | 1.1890 | 0.5777 | 0.6113 | -55.4349
2026-04-24 12:04:49 | 42 | -59.4377 | 3.4920 | 1.1636 | 0.5731 | 0.5904 | -62.2470
2026-04-24 12:04:57 | 43 | -53.0154 | 3.4837 | 1.1505 | 0.5701 | 0.5804 | -54.0234
2026-04-24 12:05:05 | 44 | -57.4932 | 3.4785 | 1.1379 | 0.5681 | 0.5698 | -52.9182
2026-04-24 12:05:12 | 45 | -57.2780 | 3.4839 | 1.1228 | 0.5609 | 0.5619 | -60.6457
2026-04-24 12:05:20 | 46 | -57.4869 | 3.4708 | 1.0969 | 0.5491 | 0.5479 | -56.4750
2026-04-24 12:05:28 | 47 | -59.0611 | 3.4637 | 1.0803 | 0.5427 | 0.5376 | -55.7801
2026-04-24 12:05:36 | 48 | -60.3034 | 3.4606 | 1.0740 | 0.5281 | 0.5460 | -58.1521
2026-04-24 12:05:44 | 49 | -57.2658 | 3.4537 | 1.0515 | 0.5112 | 0.5403 | -56.0118
2026-04-24 12:05:52 | 50 | -59.6954 | 3.4565 | 1.0735 | 0.5030 | 0.5705 | -54.8681
2026-04-24 12:05:59 | 51 | -49.5592 | 3.4479 | 1.0467 | 0.4935 | 0.5532 | -53.7496
2026-04-24 12:06:07 | 52 | -63.7646 | 3.4468 | 1.0204 | 0.4772 | 0.5431 | -55.7775
2026-04-24 12:06:15 | 53 | -59.2078 | 3.4429 | 0.9766 | 0.4746 | 0.5020 | -57.4657
2026-04-24 12:06:23 | 54 | -59.2113 | 3.4336 | 0.9769 | 0.4634 | 0.5135 | -54.7018
2026-04-24 12:06:31 | 55 | -58.1629 | 3.4294 | 0.9890 | 0.4529 | 0.5361 | -49.8691
2026-04-24 12:06:39 | 56 | -58.1203 | 3.4215 | 0.9649 | 0.4452 | 0.5197 | -53.7638
2026-04-24 12:06:47 | 57 | -51.5152 | 3.4209 | 0.8977 | 0.4417 | 0.4560 | -59.2867
2026-04-24 12:06:55 | 58 | -55.9691 | 3.4112 | 0.9332 | 0.4400 | 0.4933 | -49.7532
2026-04-24 12:07:02 | 59 | -52.3509 | 3.4020 | 0.9254 | 0.4325 | 0.4929 | -58.2499
2026-04-24 12:07:10 | 60 | -58.0281 | 3.3899 | 0.8529 | 0.4250 | 0.4280 | -60.0309
2026-04-24 12:07:18 | 61 | -64.2881 | 3.3745 | 0.9317 | 0.4098 | 0.5219 | -51.1684
2026-04-24 12:07:26 | 62 | -62.6574 | 3.3688 | 0.8667 | 0.3935 | 0.4732 | -54.7856
2026-04-24 12:07:34 | 63 | -58.6965 | 3.3589 | 0.8572 | 0.3751 | 0.4821 | -57.9955
2026-04-24 12:07:42 | 64 | -54.7724 | 3.3394 | 0.8614 | 0.3766 | 0.4848 | -60.0341
2026-04-24 12:07:50 | 65 | -50.0018 | 3.3392 | 0.8443 | 0.3723 | 0.4720 | -57.7555
2026-04-24 12:07:57 | 66 | -48.6941 | 3.3310 | 0.8363 | 0.3847 | 0.4516 | -53.9177
2026-04-24 12:08:05 | 67 | -52.8996 | 3.3132 | 0.8071 | 0.4078 | 0.3992 | -56.8675
2026-04-24 12:08:13 | 68 | -52.1537 | 3.2960 | 0.8944 | 0.4272 | 0.4672 | -56.0329
2026-04-24 12:08:21 | 69 | -57.1142 | 3.2750 | 0.8159 | 0.4113 | 0.4047 | -56.7040
2026-04-24 12:08:29 | 70 | -58.9422 | 3.2516 | 0.9266 | 0.3985 | 0.5282 | -49.8623
2026-04-24 12:08:36 | 71 | -51.9095 | 3.2402 | 0.8518 | 0.3920 | 0.4598 | -56.1168
2026-04-24 12:08:44 | 72 | -52.1445 | 3.2158 | 0.8476 | 0.3826 | 0.4650 | -52.1847
2026-04-24 12:08:52 | 73 | -47.2769 | 3.2072 | 0.8432 | 0.3915 | 0.4517 | -54.1853
2026-04-24 12:09:00 | 74 | -54.8523 | 3.1790 | 0.8486 | 0.3815 | 0.4672 | -53.1023
2026-04-24 12:09:08 | 75 | -53.7044 | 3.1620 | 0.8005 | 0.3858 | 0.4147 | -56.0899
2026-04-24 12:09:15 | 76 | -61.2303 | 3.1444 | 0.8320 | 0.3854 | 0.4466 | -54.1557
2026-04-24 12:09:23 | 77 | -60.4213 | 3.1120 | 0.8614 | 0.3830 | 0.4784 | -47.3811
2026-04-24 12:09:31 | 78 | -57.7314 | 3.0938 | 0.8357 | 0.3738 | 0.4618 | -55.8611
2026-04-24 12:09:39 | 79 | -53.0473 | 3.0823 | 0.7658 | 0.3712 | 0.3945 | -62.3932
2026-04-24 12:09:47 | 80 | -57.6498 | 3.0584 | 0.7106 | 0.3636 | 0.3470 | -67.1383
2026-04-24 12:09:54 | 81 | -56.2184 | 3.0525 | 0.8714 | 0.3682 | 0.5032 | -49.7396
2026-04-24 12:10:02 | 82 | -53.1052 | 3.0380 | 0.7523 | 0.3624 | 0.3899 | -58.6368
2026-04-24 12:10:10 | 83 | -57.2017 | 3.0404 | 0.8725 | 0.3568 | 0.5157 | -49.6696
2026-04-24 12:10:18 | 84 | -55.3524 | 3.0862 | 0.8052 | 0.3547 | 0.4504 | -63.9217
2026-04-24 12:10:26 | 85 | -51.1914 | 3.1464 | 0.8679 | 0.3616 | 0.5063 | -53.3887
2026-04-24 12:10:33 | 86 | -52.6202 | 3.2379 | 0.8413 | 0.3673 | 0.4740 | -58.3890
2026-04-24 12:10:41 | 87 | -66.1570 | 3.4769 | 0.7876 | 0.3889 | 0.3987 | -61.3886
2026-04-24 12:10:49 | 88 | -54.8618 | 3.8045 | 0.8152 | 0.4010 | 0.4142 | -62.5471
2026-04-24 12:10:57 | 89 | -64.5986 | 4.1901 | 0.7801 | 0.4001 | 0.3800 | -62.7201
2026-04-24 12:11:05 | 90 | -55.1769 | 4.8740 | 0.9014 | 0.3990 | 0.5024 | -61.3391
2026-04-24 12:11:12 | 91 | -63.1624 | 5.8429 | 0.7850 | 0.3731 | 0.4119 | -62.2307
2026-04-24 12:11:20 | 92 | -66.6304 | 8.2066 | 0.8644 | 0.3595 | 0.5048 | -67.5770
2026-04-24 12:11:28 | 93 | -66.4508 | 11.6854 | 0.7717 | 0.3198 | 0.4519 | -63.3734
2026-04-24 12:11:36 | 94 | -71.7980 | 18.9580 | 0.6890 | 0.2898 | 0.3992 | -73.2013
2026-04-24 12:11:44 | 95 | -71.5942 | 32.4105 | 0.6570 | 0.2706 | 0.3864 | -79.0636
2026-04-24 12:11:52 | 96 | -74.8570 | 58.4853 | 0.6153 | 0.2500 | 0.3654 | -80.2070
2026-04-24 12:11:59 | 97 | -90.5983 | 120.7182 | 0.5768 | 0.2456 | 0.3312 | -92.5986
2026-04-24 12:12:07 | 98 | -90.3799 | 300.4071 | 0.4653 | 0.2337 | 0.2316 | -98.4652
2026-04-24 12:12:15 | 99 | -95.8798 | 1258.1671 | 0.3821 | 0.2162 | 0.1659 | -105.1115
2026-04-24 12:12:23 | 100 | -100.6775 | 40763.4180 | 0.3352 | 0.1900 | 0.1453 | -107.3800
2026-04-24 12:12:30 | 101 | -104.1159 | 69514061533101793951960619024384.0000 | 0.2570 | 0.1557 | 0.1012 | -111.0526
2026-04-24 12:22:24 | Training started | num_expert_samples=5000
2026-04-24 12:22:24 | iter | train_reward | test_imitation_loss | test_disc_loss | test_disc_loss_expert | test_disc_loss_generated | test_gen_reward
2026-04-24 12:22:33 | 1 | -108.0289 | 4.1989 | 1.3728 | 0.6037 | 0.7691 | -111.6063
2026-04-24 12:22:41 | 2 | -112.3977 | 4.1991 | 1.3562 | 0.6018 | 0.7544 | -111.7997
2026-04-24 12:22:49 | 3 | -106.8714 | 4.1821 | 1.3452 | 0.5995 | 0.7457 | -95.6598
2026-04-24 12:22:57 | 4 | -106.6870 | 4.1948 | 1.3231 | 0.5975 | 0.7256 | -107.4551
2026-04-24 12:23:05 | 5 | -101.3888 | 4.1865 | 1.3054 | 0.5948 | 0.7106 | -111.6289
2026-04-24 12:23:13 | 6 | -103.4577 | 4.1720 | 1.2974 | 0.5920 | 0.7054 | -98.0234
2026-04-24 12:23:21 | 7 | -105.0976 | 4.1694 | 1.2815 | 0.5888 | 0.6926 | -94.6781
2026-04-24 12:23:30 | 8 | -103.2776 | 4.1606 | 1.2661 | 0.5851 | 0.6810 | -94.8177
2026-04-24 12:23:38 | 9 | -95.9370 | 4.1470 | 1.2554 | 0.5814 | 0.6740 | -87.5888
2026-04-24 12:23:46 | 10 | -95.9771 | 4.1264 | 1.2348 | 0.5773 | 0.6574 | -95.0539
2026-04-24 12:23:54 | 11 | -91.8914 | 4.1135 | 1.2213 | 0.5726 | 0.6488 | -88.3630
2026-04-24 12:24:02 | 12 | -94.4498 | 4.1028 | 1.2096 | 0.5677 | 0.6419 | -82.9351
2026-04-24 12:24:10 | 13 | -86.9494 | 4.0868 | 1.1954 | 0.5625 | 0.6329 | -84.2879
2026-04-24 12:24:18 | 14 | -85.0740 | 4.0812 | 1.1839 | 0.5565 | 0.6274 | -79.5723
2026-04-24 12:24:26 | 15 | -80.2737 | 4.0767 | 1.1758 | 0.5502 | 0.6256 | -73.5684
2026-04-24 12:24:34 | 16 | -82.1731 | 4.0653 | 1.1504 | 0.5427 | 0.6077 | -78.0579
2026-04-24 12:24:42 | 17 | -77.3906 | 4.0578 | 1.1361 | 0.5367 | 0.5995 | -79.3522
2026-04-24 12:24:50 | 18 | -75.7038 | 4.0312 | 1.1181 | 0.5302 | 0.5879 | -79.6210
2026-04-24 12:24:58 | 19 | -80.2350 | 4.0244 | 1.1073 | 0.5216 | 0.5857 | -74.0441
2026-04-24 12:25:06 | 20 | -77.9384 | 4.0211 | 1.1016 | 0.5146 | 0.5870 | -70.5279
2026-04-24 12:25:14 | 21 | -74.6071 | 4.0130 | 1.0846 | 0.5054 | 0.5792 | -75.7771
2026-04-24 12:25:22 | 22 | -69.4214 | 4.0015 | 1.0795 | 0.4977 | 0.5819 | -70.0508
2026-04-24 12:25:30 | 23 | -66.9910 | 3.9891 | 1.0540 | 0.4903 | 0.5637 | -71.6820
2026-04-24 12:25:37 | 24 | -70.9866 | 3.9802 | 1.0408 | 0.4806 | 0.5602 | -73.1327
2026-04-24 12:25:45 | 25 | -74.3539 | 3.9671 | 1.0503 | 0.4766 | 0.5737 | -71.5290
2026-04-24 12:25:53 | 26 | -69.9781 | 3.9609 | 1.0246 | 0.4696 | 0.5549 | -72.0531
2026-04-24 12:26:01 | 27 | -68.1698 | 3.9533 | 1.0083 | 0.4660 | 0.5423 | -64.9062
2026-04-24 12:26:09 | 28 | -71.7202 | 3.9397 | 1.0154 | 0.4667 | 0.5487 | -69.8576
2026-04-24 12:26:17 | 29 | -69.3939 | 3.9360 | 1.0079 | 0.4593 | 0.5486 | -69.4839
2026-04-24 12:26:25 | 30 | -68.7266 | 3.9345 | 0.9440 | 0.4515 | 0.4925 | -70.6787
2026-04-24 12:26:33 | 31 | -68.3635 | 3.9285 | 0.9474 | 0.4477 | 0.4997 | -69.7686
2026-04-24 12:26:41 | 32 | -77.2061 | 3.9196 | 0.9532 | 0.4448 | 0.5084 | -73.4767
2026-04-24 12:26:49 | 33 | -71.8031 | 3.9039 | 0.9011 | 0.4366 | 0.4645 | -74.6147
2026-04-24 12:26:57 | 34 | -74.7171 | 3.9044 | 0.9035 | 0.4294 | 0.4741 | -67.3202
2026-04-24 12:27:05 | 35 | -70.7893 | 3.9102 | 0.8295 | 0.4105 | 0.4190 | -71.1162
2026-04-24 12:27:13 | 36 | -74.7530 | 3.8918 | 0.7922 | 0.3953 | 0.3970 | -68.7896
2026-04-24 12:27:21 | 37 | -76.1038 | 3.8888 | 0.7967 | 0.3823 | 0.4143 | -65.7316
2026-04-24 12:27:29 | 38 | -72.8313 | 3.8785 | 0.8300 | 0.3682 | 0.4618 | -65.7397
2026-04-24 12:27:36 | 39 | -70.4265 | 3.8701 | 0.7500 | 0.3558 | 0.3943 | -76.2662
2026-04-24 12:27:44 | 40 | -70.3941 | 3.8557 | 0.6926 | 0.3414 | 0.3512 | -77.2489
2026-04-24 12:27:52 | 41 | -68.3785 | 3.8498 | 0.7480 | 0.3378 | 0.4102 | -65.6830
2026-04-24 12:28:00 | 42 | -69.1227 | 3.8416 | 0.6947 | 0.3211 | 0.3736 | -79.5249
2026-04-24 12:28:08 | 43 | -75.6943 | 3.8300 | 0.5897 | 0.3151 | 0.2746 | -77.0810
2026-04-24 12:28:16 | 44 | -71.4013 | 3.8118 | 0.5867 | 0.3114 | 0.2754 | -83.5502
2026-04-24 12:28:24 | 45 | -71.4419 | 3.8093 | 0.6598 | 0.3063 | 0.3536 | -71.6207
2026-04-24 12:28:32 | 46 | -72.8148 | 3.7837 | 0.7341 | 0.3042 | 0.4298 | -70.8242
2026-04-24 12:28:40 | 47 | -78.9445 | 3.7706 | 0.5629 | 0.2948 | 0.2680 | -73.8744
2026-04-24 12:28:48 | 48 | -79.8612 | 3.7528 | 0.5301 | 0.2819 | 0.2482 | -76.5846
2026-04-24 12:28:56 | 49 | -89.3694 | 3.7349 | 0.4865 | 0.2634 | 0.2232 | -77.4611
2026-04-24 12:29:03 | 50 | -71.9622 | 3.7191 | 0.6284 | 0.2499 | 0.3786 | -74.3298
2026-04-24 12:29:11 | 51 | -78.2743 | 3.6965 | 0.6603 | 0.2327 | 0.4276 | -74.1416
2026-04-24 12:29:19 | 52 | -73.5972 | 3.6766 | 0.6518 | 0.2071 | 0.4446 | -77.1791
2026-04-24 12:29:27 | 53 | -83.2916 | 3.6557 | 0.4927 | 0.1961 | 0.2967 | -77.2107
2026-04-24 12:29:35 | 54 | -85.7657 | 3.6205 | 0.5007 | 0.1898 | 0.3109 | -79.7459
2026-04-24 12:29:43 | 55 | -79.3360 | 3.6045 | 0.4435 | 0.1838 | 0.2597 | -76.7147
2026-04-24 12:29:51 | 56 | -82.2502 | 3.5726 | 0.4421 | 0.1862 | 0.2558 | -81.3727
2026-04-24 12:29:59 | 57 | -78.6978 | 3.5565 | 0.5157 | 0.1915 | 0.3242 | -77.5967
2026-04-24 12:30:07 | 58 | -87.1182 | 3.5351 | 0.3827 | 0.1835 | 0.1991 | -83.6865
2026-04-24 12:30:15 | 59 | -80.7880 | 3.5002 | 0.5761 | 0.1791 | 0.3970 | -80.2291
2026-04-24 12:30:23 | 60 | -85.3832 | 3.4571 | 0.5277 | 0.1812 | 0.3465 | -79.5419
2026-04-24 12:30:30 | 61 | -81.9931 | 3.4492 | 0.2957 | 0.1710 | 0.1247 | -85.2562
2026-04-24 12:30:38 | 62 | -80.2981 | 3.4210 | 0.2830 | 0.1624 | 0.1205 | -92.2585
2026-04-24 12:30:46 | 63 | -88.2047 | 3.3894 | 0.3465 | 0.1695 | 0.1770 | -91.6202
2026-04-24 12:30:54 | 64 | -90.4629 | 3.3610 | 0.2801 | 0.1523 | 0.1279 | -86.9301
2026-04-24 12:31:02 | 65 | -87.1491 | 3.3323 | 0.2877 | 0.1363 | 0.1514 | -83.3456
2026-04-24 12:31:10 | 66 | -90.5726 | 3.3035 | 0.2226 | 0.1278 | 0.0948 | -100.9404
2026-04-24 12:31:18 | 67 | -92.9508 | 3.2736 | 0.2381 | 0.1158 | 0.1222 | -90.7119
2026-04-24 12:31:26 | 68 | -83.0029 | 3.2431 | 0.2287 | 0.1058 | 0.1229 | -84.1731
2026-04-24 12:31:34 | 69 | -94.7757 | 3.2140 | 0.2281 | 0.1001 | 0.1280 | -80.3005
2026-04-24 12:31:41 | 70 | -92.5488 | 3.1725 | 0.2313 | 0.0914 | 0.1399 | -87.2603
2026-04-24 12:31:49 | 71 | -91.9909 | 3.1472 | 0.1894 | 0.0913 | 0.0980 | -92.3655
2026-04-24 12:31:57 | 72 | -100.2864 | 3.1151 | 0.1840 | 0.0856 | 0.0983 | -95.0708
2026-04-24 12:32:05 | 73 | -102.1585 | 3.1028 | 0.1685 | 0.0810 | 0.0875 | -95.2329
2026-04-24 12:32:13 | 74 | -99.4678 | 3.0955 | 0.1653 | 0.0772 | 0.0882 | -100.7512
2026-04-24 12:32:21 | 75 | -103.6268 | 3.1002 | 0.1573 | 0.0741 | 0.0833 | -102.9787
2026-04-24 12:32:29 | 76 | -97.1111 | 3.1230 | 0.1442 | 0.0719 | 0.0723 | -95.6674
2026-04-24 12:32:37 | 77 | -102.8734 | 3.1183 | 0.1398 | 0.0696 | 0.0702 | -102.5493
2026-04-24 12:32:45 | 78 | -98.9338 | 3.1781 | 0.1185 | 0.0652 | 0.0533 | -106.1654
2026-04-24 12:32:52 | 79 | -106.8467 | 3.2887 | 0.1118 | 0.0622 | 0.0497 | -110.5357
2026-04-24 12:33:00 | 80 | -104.0412 | 3.4130 | 0.0994 | 0.0593 | 0.0402 | -106.3317
2026-04-24 12:33:08 | 81 | -102.7444 | 3.6340 | 0.0967 | 0.0527 | 0.0440 | -110.2127
2026-04-24 12:33:16 | 82 | -109.3124 | 3.9091 | 0.0826 | 0.0469 | 0.0357 | -103.2728
2026-04-24 12:33:24 | 83 | -111.1562 | 4.2887 | 0.0721 | 0.0445 | 0.0276 | -110.8441
2026-04-24 12:33:32 | 84 | -113.2337 | 4.7217 | 0.0656 | 0.0397 | 0.0259 | -112.0809
2026-04-24 12:33:40 | 85 | -116.6883 | 5.3538 | 0.0622 | 0.0349 | 0.0273 | -113.7471
2026-04-24 12:33:47 | 86 | -118.3953 | 5.9998 | 0.0482 | 0.0309 | 0.0173 | -117.2844
2026-04-24 12:33:55 | 87 | -115.2984 | 6.7405 | 0.0404 | 0.0269 | 0.0135 | -118.3342
2026-04-24 12:34:03 | 88 | -119.3151 | 7.7044 | 0.0380 | 0.0239 | 0.0141 | -121.1245
2026-04-24 12:34:11 | 89 | -120.5207 | 8.7385 | 0.0316 | 0.0212 | 0.0104 | -118.9838
2026-04-24 12:34:19 | 90 | -118.8275 | 10.0048 | 0.0280 | 0.0185 | 0.0095 | -121.1629
2026-04-24 12:34:27 | 91 | -122.2281 | 11.4262 | 0.0290 | 0.0174 | 0.0116 | -117.8265
2026-04-24 12:34:35 | 92 | -124.2636 | 13.1134 | 0.0232 | 0.0150 | 0.0082 | -121.1515
2026-04-24 12:34:42 | 93 | -124.0509 | 15.0734 | 0.0214 | 0.0130 | 0.0083 | -122.2294
2026-04-24 12:34:50 | 94 | -124.9224 | 17.2178 | 0.0190 | 0.0121 | 0.0069 | -123.7404
2026-04-24 12:34:58 | 95 | -127.1643 | 19.7156 | 0.0187 | 0.0103 | 0.0084 | -122.9500
2026-04-24 12:35:06 | 96 | -126.5011 | 22.5431 | 0.0174 | 0.0098 | 0.0076 | -125.4043
2026-04-24 12:35:14 | 97 | -124.7580 | 25.8161 | 0.0147 | 0.0087 | 0.0060 | -126.1038
2026-04-24 12:35:22 | 98 | -123.5758 | 29.5996 | 0.0136 | 0.0081 | 0.0054 | -124.7596
2026-04-24 12:35:30 | 99 | -126.2089 | 34.4097 | 0.0125 | 0.0074 | 0.0051 | -126.8724
2026-04-24 12:35:37 | 100 | -121.8966 | 39.6549 | 0.0131 | 0.0071 | 0.0060 | -126.9129
2026-04-24 12:35:45 | 101 | -128.1760 | 46.2141 | 0.0102 | 0.0065 | 0.0037 | -124.0694
2026-04-24 12:35:53 | 102 | -126.1377 | 54.2080 | 0.0107 | 0.0060 | 0.0047 | -126.9699
2026-04-24 12:36:01 | 103 | -125.6377 | 64.0689 | 0.0100 | 0.0060 | 0.0040 | -132.2225
2026-04-24 12:36:09 | 104 | -126.9575 | 77.0611 | 0.0095 | 0.0059 | 0.0035 | -124.9004
2026-04-24 12:36:17 | 105 | -130.3088 | 93.6627 | 0.0082 | 0.0056 | 0.0026 | -128.9291
2026-04-24 12:36:25 | 106 | -128.9287 | 117.3574 | 0.0075 | 0.0052 | 0.0024 | -128.5749
2026-04-24 12:36:32 | 107 | -131.0321 | 152.1107 | 0.0072 | 0.0049 | 0.0023 | -131.4349
2026-04-24 12:36:40 | 108 | -127.5988 | 206.9784 | 0.0064 | 0.0044 | 0.0020 | -132.6682
2026-04-24 12:36:48 | 109 | -131.4755 | 310.9176 | 0.0067 | 0.0048 | 0.0019 | -132.1355
2026-04-24 12:36:56 | 110 | -127.7834 | 561.2723 | 0.0064 | 0.0045 | 0.0019 | -130.6704
2026-04-24 12:37:04 | 111 | -128.9395 | 1641.7489 | 0.0062 | 0.0044 | 0.0018 | -129.1608
2026-04-24 12:37:12 | 112 | -128.8843 | 45859.5078 | 0.0056 | 0.0040 | 0.0016 | -131.0524
2026-04-24 12:37:19 | 113 | -126.6240 | inf | 0.0054 | 0.0038 | 0.0016 | -130.1875
